<?xml version="1.0" encoding="UTF-8"?>
<testsuites name="Customer Payments" time="506" tests="1" failures="5" errors="0">
   <testsuite name="Customer Payments" tests="1" failures="5" errors="0" time="506" timestamp="2018-02-08 10:58:25" hostname="Nyokabi - DESKTOP-D5BPMUU" id="Test Suites/Payments/Customer Payments/Customer Payments">
      <properties>
         <property name="deviceName" value=""/>
         <property name="devicePlatform" value=""/>
         <property name="logFolder" value="C:\\Users\\Nyokabi\\git\\MKOPA-RegressionTestingV2\\Reports\\Payments\\Customer Payments\\Customer Payments\\20180208_105822"/>
         <property name="logFiles" value="C:\\Users\\Nyokabi\\git\\MKOPA-RegressionTestingV2\\Reports\\Payments\\Customer Payments\\Customer Payments\\20180208_105822\\execution0.log"/>
         <property name="attachments" value="C:\\Users\\Nyokabi\\git\\MKOPA-RegressionTestingV2\\Reports\\Payments\\Customer Payments\\Customer Payments\\20180208_105822\\1518076851975.png, C:\\Users\\Nyokabi\\git\\MKOPA-RegressionTestingV2\\Reports\\Payments\\Customer Payments\\Customer Payments\\20180208_105822\\1518076880787.png, C:\\Users\\Nyokabi\\git\\MKOPA-RegressionTestingV2\\Reports\\Payments\\Customer Payments\\Customer Payments\\20180208_105822\\1518076903913.png, C:\\Users\\Nyokabi\\git\\MKOPA-RegressionTestingV2\\Reports\\Payments\\Customer Payments\\Customer Payments\\20180208_105822\\1518076983550.png, C:\\Users\\Nyokabi\\git\\MKOPA-RegressionTestingV2\\Reports\\Payments\\Customer Payments\\Customer Payments\\20180208_105822\\1518077096198.png, C:\\Users\\Nyokabi\\git\\MKOPA-RegressionTestingV2\\Reports\\Payments\\Customer Payments\\Customer Payments\\20180208_105822\\1518077211388.png"/>
         <property name="hostName" value="Nyokabi - DESKTOP-D5BPMUU"/>
         <property name="os" value="Windows 10 64bit"/>
         <property name="katalonVersion" value="5.2.0.1"/>
         <property name="browser" value="Chrome 64.0.3282.140"/>
         <property name="hostAddress" value="192.168.88.1"/>
         <property name="sessionId" value="70115e0c96b47227a7581058fcc531fd"/>
         <property name="seleniumVersion" value="3.7.1"/>
         <property name="proxyInformation" value="ProxyInformation{proxyOption=NO_PROXY, proxyServerType=HTTP, password=, proxyServerAddress=, proxyServerPort=0}"/>
         <property name="platform" value="Windows 10"/>
      </properties>
      <testcase name="Test Cases/Payments/Customer Payments/verify_Customer Payment" classname="Test Cases/Payments/Customer Payments/verify_Customer Payment" status="FAILED">
         <failure type="FAILED" message="Unable to click on object 'Object Repository/File Upload Center Module/File Upload Center/button_MPESA' (Root cause: com.kms.katalon.core.webui.exception.WebElementNotFoundException: Web element with id: 'Object Repository/File Upload Center Module/File Upload Center/button_MPESA' located by 'By.xpath: //li[contains(.,'Mpesa')]' not found)"/>
         <system-out><![CDATA[2018-02-08 10:58:26 - [TEST_CASE][FAILED] - Test Cases/Payments/Customer Payments/verify_Customer Payment: Test Cases/Payments/Customer Payments/verify_Customer Payment FAILED because (of) Unable to click on object 'Object Repository/File Upload Center Module/File Upload Center/button_MPESA' (Root cause: com.kms.katalon.core.webui.exception.WebElementNotFoundException: Web element with id: 'Object Repository/File Upload Center Module/File Upload Center/button_MPESA' located by 'By.xpath: //li[contains(.,'Mpesa')]' not found)

2018-02-08 10:58:27 - [TEST_STEP][FAILED] - callTestCase: Unable to call Test Case with id 'Test Cases/Common/steps_Upload Payments File' (Root cause: Call Test Case 'Test Cases/Common/steps_Upload Payments File' failed)

2018-02-08 10:58:28 - [TEST_CASE][FAILED] - Test Cases/Common/steps_Upload Payments File: Test Cases/Common/steps_Upload Payments File FAILED because (of) Unable to click on object 'Object Repository/File Upload Center Module/File Upload Center/button_MPESA' (Root cause: com.kms.katalon.core.webui.exception.WebElementNotFoundException: Web element with id: 'Object Repository/File Upload Center Module/File Upload Center/button_MPESA' located by 'By.xpath: //li[contains(.,'Mpesa')]' not found)

2018-02-08 10:58:28 - [TEST_STEP][PASSED] - Statement - tagged = tagGenerator("QWERTYUIOP1234567890LKJHGFDSAZXCVBNM", 9): null

2018-02-08 10:58:28 - [TEST_STEP][PASSED] - Statement - rand = new java.util.Random(): null

2018-02-08 10:58:28 - [TEST_STEP][PASSED] - Statement - sb = new java.lang.StringBuilder(): null

2018-02-08 10:58:28 - [TEST_STEP][PASSED] - Statement - For ([i = 0, i < length, (i++)]): null

2018-02-08 10:58:28 - [TEST_STEP][PASSED] - Statement - sb.append(chars.charAt(rand.nextInt(chars.length()))): null

2018-02-08 10:58:28 - [TEST_STEP][PASSED] - Statement - sb.append(chars.charAt(rand.nextInt(chars.length()))): null

2018-02-08 10:58:28 - [TEST_STEP][PASSED] - Statement - sb.append(chars.charAt(rand.nextInt(chars.length()))): null

2018-02-08 10:58:28 - [TEST_STEP][PASSED] - Statement - sb.append(chars.charAt(rand.nextInt(chars.length()))): null

2018-02-08 10:58:28 - [TEST_STEP][PASSED] - Statement - sb.append(chars.charAt(rand.nextInt(chars.length()))): null

2018-02-08 10:58:28 - [TEST_STEP][PASSED] - Statement - sb.append(chars.charAt(rand.nextInt(chars.length()))): null

2018-02-08 10:58:28 - [TEST_STEP][PASSED] - Statement - sb.append(chars.charAt(rand.nextInt(chars.length()))): null

2018-02-08 10:58:28 - [TEST_STEP][PASSED] - Statement - sb.append(chars.charAt(rand.nextInt(chars.length()))): null

2018-02-08 10:58:28 - [TEST_STEP][PASSED] - Statement - sb.append(chars.charAt(rand.nextInt(chars.length()))): null

2018-02-08 10:58:28 - [TEST_STEP][PASSED] - Statement - return sb.toString(): null

2018-02-08 10:58:28 - [TEST_STEP][PASSED] - Statement - location = java.lang.System.getenv("USERPROFILE"): null

2018-02-08 10:58:29 - [TEST_STEP][PASSED] - Statement - filePath = location + "/git/MKOPA-REGRESSION-REPOSITORY/Payment Files/payments.csv": null

2018-02-08 10:58:29 - [TEST_STEP][PASSED] - csvCreatorPackage.paymentFileGenerator.paymentFileGenerator: csvCreatorPackage.paymentFileGenerator.paymentFileGenerator is PASSED

2018-02-08 10:58:29 - [MESSAGE][PASSED] - csvCreatorPackage.paymentFileGenerator.paymentFileGenerator is PASSED

2018-02-08 10:58:29 - [TEST_STEP][PASSED] - delay: Delayed 5 second(s)

2018-02-08 10:58:34 - [MESSAGE][PASSED] - Delayed 5 second(s)

2018-02-08 10:58:34 - [TEST_STEP][PASSED] - callTestCase: Call Test Case 'Test Cases/Common/UserLogin' successfully

2018-02-08 10:58:34 - [TEST_CASE][PASSED] - Test Cases/Common/UserLogin: Test Cases/Common/UserLogin

2018-02-08 10:58:34 - [TEST_STEP][PASSED] - openBrowser: Browser is opened with url: 'https://keuat.kopasolar.net'

2018-02-08 10:59:21 - [MESSAGE][PASSED] - Browser is opened with url: 'https://keuat.kopasolar.net'

2018-02-08 10:59:21 - [TEST_STEP][PASSED] - maximizeWindow: Current window maximized

2018-02-08 10:59:22 - [MESSAGE][PASSED] - Current window maximized

2018-02-08 10:59:22 - [TEST_STEP][PASSED] - setText: Text 'Kennedy.Mwangi@m-kopa.com' is set on object 'Object Repository/Login/input_Username'

2018-02-08 10:59:29 - [MESSAGE][PASSED] - Text 'Kennedy.Mwangi@m-kopa.com' is set on object 'Object Repository/Login/input_Username'

2018-02-08 10:59:29 - [TEST_STEP][PASSED] - setText: Text 'Ken0726//' is set on object 'Object Repository/Login/input_Password'

2018-02-08 10:59:29 - [MESSAGE][PASSED] - Text 'Ken0726//' is set on object 'Object Repository/Login/input_Password'

2018-02-08 10:59:29 - [TEST_STEP][PASSED] - click: Object: 'Object Repository/Login/button_SignIn' is clicked on

2018-02-08 11:00:03 - [MESSAGE][PASSED] - Object: 'Object Repository/Login/button_SignIn' is clicked on

2018-02-08 11:00:03 - [MESSAGE][PASSED] - Call Test Case 'Test Cases/Common/UserLogin' successfully

2018-02-08 11:00:03 - [TEST_STEP][PASSED] - click: Object: 'Object Repository/Page Header and Menu/FileUploadCenter/Link-FileUploadMenu' is clicked on

2018-02-08 11:00:21 - [MESSAGE][PASSED] - Object: 'Object Repository/Page Header and Menu/FileUploadCenter/Link-FileUploadMenu' is clicked on

2018-02-08 11:00:21 - [TEST_STEP][FAILED] - click: Unable to click on object 'Object Repository/File Upload Center Module/File Upload Center/button_MPESA' (Root cause: com.kms.katalon.core.webui.exception.WebElementNotFoundException: Web element with id: 'Object Repository/File Upload Center Module/File Upload Center/button_MPESA' located by 'By.xpath: //li[contains(.,'Mpesa')]' not found)

2018-02-08 11:00:52 - [MESSAGE][FAILED] - Unable to click on object 'Object Repository/File Upload Center Module/File Upload Center/button_MPESA' (Root cause: com.kms.katalon.core.webui.exception.WebElementNotFoundException: Web element with id: 'Object Repository/File Upload Center Module/File Upload Center/button_MPESA' located by 'By.xpath: //li[contains(.,'Mpesa')]' not found)
[[ATTACHMENT|C:\\Users\\Nyokabi\\git\\MKOPA-RegressionTestingV2\\Reports\\Payments\\Customer Payments\\Customer Payments\\20180208_105822\\1518076851975.png]]

2018-02-08 11:00:52 - [MESSAGE][FAILED] - Unable to call Test Case with id 'Test Cases/Common/steps_Upload Payments File' (Root cause: Call Test Case 'Test Cases/Common/steps_Upload Payments File' failed)]]></system-out>
         <system-err><![CDATA[2018-02-08 10:58:26 - [TEST_CASE][FAILED] - Test Cases/Payments/Customer Payments/verify_Customer Payment: Test Cases/Payments/Customer Payments/verify_Customer Payment FAILED because (of) Unable to click on object 'Object Repository/File Upload Center Module/File Upload Center/button_MPESA' (Root cause: com.kms.katalon.core.webui.exception.WebElementNotFoundException: Web element with id: 'Object Repository/File Upload Center Module/File Upload Center/button_MPESA' located by 'By.xpath: //li[contains(.,'Mpesa')]' not found)]]></system-err>
      </testcase>
      <testcase name="Test Cases/Payments/Customer Payments/verify_Customer Status on paying deposit" classname="Test Cases/Payments/Customer Payments/verify_Customer Status on paying deposit" status="FAILED">
         <failure type="FAILED" message="Unable to verify text 'Deposit Paid' is present  (Root cause: Text 'Deposit Paid' is not present on page )"/>
         <system-out><![CDATA[2018-02-08 11:00:52 - [TEST_CASE][FAILED] - Test Cases/Payments/Customer Payments/verify_Customer Status on paying deposit: Test Cases/Payments/Customer Payments/verify_Customer Status on paying deposit FAILED because (of) Unable to verify text 'Deposit Paid' is present  (Root cause: Text 'Deposit Paid' is not present on page )

2018-02-08 11:00:52 - [TEST_STEP][NOT_RUN] - callTestCase: NOT_RUN: callTestCase

2018-02-08 11:00:52 - [MESSAGE][NOT_RUN] - NOT_RUN: callTestCase

2018-02-08 11:00:52 - [TEST_STEP][PASSED] - delay: Delayed 5 second(s)

2018-02-08 11:00:57 - [MESSAGE][PASSED] - Delayed 5 second(s)

2018-02-08 11:00:57 - [TEST_STEP][PASSED] - click: Object: 'Object Repository/Customer Module/Input-SearchForCustomer' is clicked on

2018-02-08 11:00:58 - [MESSAGE][PASSED] - Object: 'Object Repository/Customer Module/Input-SearchForCustomer' is clicked on

2018-02-08 11:00:58 - [TEST_STEP][PASSED] - setText: Text '28854540' is set on object 'Object Repository/Customer Module/Input-SearchForCustomer'

2018-02-08 11:00:58 - [MESSAGE][PASSED] - Text '28854540' is set on object 'Object Repository/Customer Module/Input-SearchForCustomer'

2018-02-08 11:00:58 - [TEST_STEP][PASSED] - click: Object: 'Object Repository/Customer Module/IconBtn-Search' is clicked on

2018-02-08 11:01:20 - [MESSAGE][PASSED] - Object: 'Object Repository/Customer Module/IconBtn-Search' is clicked on

2018-02-08 11:01:20 - [TEST_STEP][FAILED] - verifyTextPresent: Unable to verify text 'Deposit Paid' is present  (Root cause: Text 'Deposit Paid' is not present on page )

2018-02-08 11:01:20 - [MESSAGE][FAILED] - Text 'Deposit Paid' is not present on page 

2018-02-08 11:01:21 - [MESSAGE][FAILED] - Unable to verify text 'Deposit Paid' is present  (Root cause: Text 'Deposit Paid' is not present on page )
[[ATTACHMENT|C:\\Users\\Nyokabi\\git\\MKOPA-RegressionTestingV2\\Reports\\Payments\\Customer Payments\\Customer Payments\\20180208_105822\\1518076880787.png]]]]></system-out>
         <system-err><![CDATA[2018-02-08 11:00:52 - [TEST_CASE][FAILED] - Test Cases/Payments/Customer Payments/verify_Customer Status on paying deposit: Test Cases/Payments/Customer Payments/verify_Customer Status on paying deposit FAILED because (of) Unable to verify text 'Deposit Paid' is present  (Root cause: Text 'Deposit Paid' is not present on page )]]></system-err>
      </testcase>
      <testcase name="Test Cases/Payments/Customer Payment Notitfication (SMS)/verify_Sms sent on correct amount deposited" classname="Test Cases/Payments/Customer Payment Notitfication (SMS)/verify_Sms sent on correct amount deposited" status="FAILED">
         <failure type="FAILED" message="Unable to verify text 'Deposit Paid' is present  (Root cause: Text 'Deposit Paid' is not present on page )"/>
         <system-out><![CDATA[2018-02-08 11:01:21 - [TEST_CASE][FAILED] - Test Cases/Payments/Customer Payment Notitfication (SMS)/verify_Sms sent on correct amount deposited: Test Cases/Payments/Customer Payment Notitfication (SMS)/verify_Sms sent on correct amount deposited FAILED because (of) Unable to verify text 'Deposit Paid' is present  (Root cause: Text 'Deposit Paid' is not present on page )

2018-02-08 11:01:21 - [TEST_STEP][FAILED] - callTestCase: Unable to call Test Case with id 'Test Cases/Payments/Customer Payments/verify_Customer Status on paying deposit' (Root cause: Call Test Case 'Test Cases/Payments/Customer Payments/verify_Customer Status on paying deposit' failed)

2018-02-08 11:01:21 - [TEST_CASE][FAILED] - Test Cases/Payments/Customer Payments/verify_Customer Status on paying deposit: Test Cases/Payments/Customer Payments/verify_Customer Status on paying deposit FAILED because (of) Unable to verify text 'Deposit Paid' is present  (Root cause: Text 'Deposit Paid' is not present on page )

2018-02-08 11:01:21 - [TEST_STEP][NOT_RUN] - callTestCase: NOT_RUN: callTestCase

2018-02-08 11:01:21 - [MESSAGE][NOT_RUN] - NOT_RUN: callTestCase

2018-02-08 11:01:21 - [TEST_STEP][PASSED] - delay: Delayed 5 second(s)

2018-02-08 11:01:26 - [MESSAGE][PASSED] - Delayed 5 second(s)

2018-02-08 11:01:26 - [TEST_STEP][PASSED] - click: Object: 'Object Repository/Customer Module/Input-SearchForCustomer' is clicked on

2018-02-08 11:01:26 - [MESSAGE][PASSED] - Object: 'Object Repository/Customer Module/Input-SearchForCustomer' is clicked on

2018-02-08 11:01:26 - [TEST_STEP][PASSED] - setText: Text '28854540' is set on object 'Object Repository/Customer Module/Input-SearchForCustomer'

2018-02-08 11:01:26 - [MESSAGE][PASSED] - Text '28854540' is set on object 'Object Repository/Customer Module/Input-SearchForCustomer'

2018-02-08 11:01:26 - [TEST_STEP][PASSED] - click: Object: 'Object Repository/Customer Module/IconBtn-Search' is clicked on

2018-02-08 11:01:43 - [MESSAGE][PASSED] - Object: 'Object Repository/Customer Module/IconBtn-Search' is clicked on

2018-02-08 11:01:43 - [TEST_STEP][FAILED] - verifyTextPresent: Unable to verify text 'Deposit Paid' is present  (Root cause: Text 'Deposit Paid' is not present on page )

2018-02-08 11:01:43 - [MESSAGE][FAILED] - Text 'Deposit Paid' is not present on page 

2018-02-08 11:01:44 - [MESSAGE][FAILED] - Unable to verify text 'Deposit Paid' is present  (Root cause: Text 'Deposit Paid' is not present on page )
[[ATTACHMENT|C:\\Users\\Nyokabi\\git\\MKOPA-RegressionTestingV2\\Reports\\Payments\\Customer Payments\\Customer Payments\\20180208_105822\\1518076903913.png]]

2018-02-08 11:01:44 - [MESSAGE][FAILED] - Unable to call Test Case with id 'Test Cases/Payments/Customer Payments/verify_Customer Status on paying deposit' (Root cause: Call Test Case 'Test Cases/Payments/Customer Payments/verify_Customer Status on paying deposit' failed)]]></system-out>
         <system-err><![CDATA[2018-02-08 11:01:21 - [TEST_CASE][FAILED] - Test Cases/Payments/Customer Payment Notitfication (SMS)/verify_Sms sent on correct amount deposited: Test Cases/Payments/Customer Payment Notitfication (SMS)/verify_Sms sent on correct amount deposited FAILED because (of) Unable to verify text 'Deposit Paid' is present  (Root cause: Text 'Deposit Paid' is not present on page )]]></system-err>
      </testcase>
      <testcase name="Test Cases/Payments/Search For Payments/Search For Payment Using a Receipt Number" classname="Test Cases/Payments/Search For Payments/Search For Payment Using a Receipt Number" status="PASSED">
         <system-out><![CDATA[2018-02-08 11:01:44 - [TEST_CASE][PASSED] - Test Cases/Payments/Search For Payments/Search For Payment Using a Receipt Number: Test Cases/Payments/Search For Payments/Search For Payment Using a Receipt Number

2018-02-08 11:01:44 - [TEST_STEP][PASSED] - callTestCase: Call Test Case 'Test Cases/Common/UserLogin' successfully

2018-02-08 11:01:44 - [TEST_CASE][PASSED] - Test Cases/Common/UserLogin: Test Cases/Common/UserLogin

2018-02-08 11:01:44 - [TEST_STEP][PASSED] - openBrowser: Browser is opened with url: 'https://keuat.kopasolar.net'

2018-02-08 11:01:44 - [MESSAGE][WARNING] - A browser is already opened. Closing browser and opening a new one

2018-02-08 11:01:53 - [MESSAGE][PASSED] - Browser is opened with url: 'https://keuat.kopasolar.net'

2018-02-08 11:01:53 - [TEST_STEP][PASSED] - maximizeWindow: Current window maximized

2018-02-08 11:01:54 - [MESSAGE][PASSED] - Current window maximized

2018-02-08 11:01:54 - [TEST_STEP][PASSED] - setText: Text 'Kennedy.Mwangi@m-kopa.com' is set on object 'Object Repository/Login/input_Username'

2018-02-08 11:01:54 - [MESSAGE][PASSED] - Text 'Kennedy.Mwangi@m-kopa.com' is set on object 'Object Repository/Login/input_Username'

2018-02-08 11:01:54 - [TEST_STEP][PASSED] - setText: Text 'Ken0726//' is set on object 'Object Repository/Login/input_Password'

2018-02-08 11:01:54 - [MESSAGE][PASSED] - Text 'Ken0726//' is set on object 'Object Repository/Login/input_Password'

2018-02-08 11:01:54 - [TEST_STEP][PASSED] - click: Object: 'Object Repository/Login/button_SignIn' is clicked on

2018-02-08 11:02:23 - [MESSAGE][PASSED] - Object: 'Object Repository/Login/button_SignIn' is clicked on

2018-02-08 11:02:23 - [MESSAGE][PASSED] - Call Test Case 'Test Cases/Common/UserLogin' successfully

2018-02-08 11:02:23 - [TEST_STEP][PASSED] - click: Object: 'Object Repository/Page Header and Menu/Payments/Link-Payments' is clicked on

2018-02-08 11:02:23 - [MESSAGE][PASSED] - Object: 'Object Repository/Page Header and Menu/Payments/Link-Payments' is clicked on

2018-02-08 11:02:23 - [TEST_STEP][PASSED] - delay: Delayed 5 second(s)

2018-02-08 11:02:28 - [MESSAGE][PASSED] - Delayed 5 second(s)

2018-02-08 11:02:28 - [TEST_STEP][PASSED] - click: Object: 'Object Repository/Page Header and Menu/Payments/Link-Search For Payment' is clicked on

2018-02-08 11:02:29 - [MESSAGE][PASSED] - Object: 'Object Repository/Page Header and Menu/Payments/Link-Search For Payment' is clicked on

2018-02-08 11:02:29 - [TEST_STEP][PASSED] - setText: Text 'KU87KDFUYDF' is set on object 'Object Repository/Payments Module/Search for Payments/Input-ReceiptNumber'

2018-02-08 11:02:30 - [MESSAGE][PASSED] - Text 'KU87KDFUYDF' is set on object 'Object Repository/Payments Module/Search for Payments/Input-ReceiptNumber'

2018-02-08 11:02:30 - [TEST_STEP][PASSED] - click: Object: 'Object Repository/Payments Module/Search for Payments/Btn-Submit' is clicked on

2018-02-08 11:03:03 - [MESSAGE][PASSED] - Object: 'Object Repository/Payments Module/Search for Payments/Btn-Submit' is clicked on

2018-02-08 11:03:03 - [TEST_STEP][PASSED] - takeScreenshot: Taking screenshot successfully

2018-02-08 11:03:03 - [MESSAGE][PASSED] - Taking screenshot successfully
[[ATTACHMENT|C:\\Users\\Nyokabi\\git\\MKOPA-RegressionTestingV2\\Reports\\Payments\\Customer Payments\\Customer Payments\\20180208_105822\\1518076983550.png]]]]></system-out>
         <system-err><![CDATA[]]></system-err>
      </testcase>
      <testcase name="Test Cases/Payments/Credit Purchase Payment Upload/verify_Credit purchase" classname="Test Cases/Payments/Credit Purchase Payment Upload/verify_Credit purchase" status="FAILED">
         <failure type="FAILED" message="Unable to click on object 'Object Repository/File Upload Center Module/File Upload Center/button_MPESA' (Root cause: com.kms.katalon.core.webui.exception.WebElementNotFoundException: Web element with id: 'Object Repository/File Upload Center Module/File Upload Center/button_MPESA' located by 'By.xpath: //li[contains(.,'Mpesa')]' not found)"/>
         <system-out><![CDATA[2018-02-08 11:03:03 - [TEST_CASE][FAILED] - Test Cases/Payments/Credit Purchase Payment Upload/verify_Credit purchase: Test Cases/Payments/Credit Purchase Payment Upload/verify_Credit purchase FAILED because (of) Unable to click on object 'Object Repository/File Upload Center Module/File Upload Center/button_MPESA' (Root cause: com.kms.katalon.core.webui.exception.WebElementNotFoundException: Web element with id: 'Object Repository/File Upload Center Module/File Upload Center/button_MPESA' located by 'By.xpath: //li[contains(.,'Mpesa')]' not found)

2018-02-08 11:03:04 - [TEST_STEP][FAILED] - callTestCase: Unable to call Test Case with id 'Test Cases/Common/steps_Upload Payments File' (Root cause: Call Test Case 'Test Cases/Common/steps_Upload Payments File' failed)

2018-02-08 11:03:04 - [TEST_CASE][FAILED] - Test Cases/Common/steps_Upload Payments File: Test Cases/Common/steps_Upload Payments File FAILED because (of) Unable to click on object 'Object Repository/File Upload Center Module/File Upload Center/button_MPESA' (Root cause: com.kms.katalon.core.webui.exception.WebElementNotFoundException: Web element with id: 'Object Repository/File Upload Center Module/File Upload Center/button_MPESA' located by 'By.xpath: //li[contains(.,'Mpesa')]' not found)

2018-02-08 11:03:04 - [TEST_STEP][PASSED] - Statement - tagged = tagGenerator("QWERTYUIOP1234567890LKJHGFDSAZXCVBNM", 9): null

2018-02-08 11:03:04 - [TEST_STEP][PASSED] - Statement - rand = new java.util.Random(): null

2018-02-08 11:03:04 - [TEST_STEP][PASSED] - Statement - sb = new java.lang.StringBuilder(): null

2018-02-08 11:03:04 - [TEST_STEP][PASSED] - Statement - For ([i = 0, i < length, (i++)]): null

2018-02-08 11:03:04 - [TEST_STEP][PASSED] - Statement - sb.append(chars.charAt(rand.nextInt(chars.length()))): null

2018-02-08 11:03:04 - [TEST_STEP][PASSED] - Statement - sb.append(chars.charAt(rand.nextInt(chars.length()))): null

2018-02-08 11:03:04 - [TEST_STEP][PASSED] - Statement - sb.append(chars.charAt(rand.nextInt(chars.length()))): null

2018-02-08 11:03:04 - [TEST_STEP][PASSED] - Statement - sb.append(chars.charAt(rand.nextInt(chars.length()))): null

2018-02-08 11:03:04 - [TEST_STEP][PASSED] - Statement - sb.append(chars.charAt(rand.nextInt(chars.length()))): null

2018-02-08 11:03:04 - [TEST_STEP][PASSED] - Statement - sb.append(chars.charAt(rand.nextInt(chars.length()))): null

2018-02-08 11:03:04 - [TEST_STEP][PASSED] - Statement - sb.append(chars.charAt(rand.nextInt(chars.length()))): null

2018-02-08 11:03:04 - [TEST_STEP][PASSED] - Statement - sb.append(chars.charAt(rand.nextInt(chars.length()))): null

2018-02-08 11:03:04 - [TEST_STEP][PASSED] - Statement - sb.append(chars.charAt(rand.nextInt(chars.length()))): null

2018-02-08 11:03:04 - [TEST_STEP][PASSED] - Statement - return sb.toString(): null

2018-02-08 11:03:04 - [TEST_STEP][PASSED] - Statement - location = java.lang.System.getenv("USERPROFILE"): null

2018-02-08 11:03:04 - [TEST_STEP][PASSED] - Statement - filePath = location + "/git/MKOPA-REGRESSION-REPOSITORY/Payment Files/payments.csv": null

2018-02-08 11:03:04 - [TEST_STEP][PASSED] - csvCreatorPackage.paymentFileGenerator.paymentFileGenerator: csvCreatorPackage.paymentFileGenerator.paymentFileGenerator is PASSED

2018-02-08 11:03:04 - [MESSAGE][PASSED] - csvCreatorPackage.paymentFileGenerator.paymentFileGenerator is PASSED

2018-02-08 11:03:04 - [TEST_STEP][PASSED] - delay: Delayed 5 second(s)

2018-02-08 11:03:09 - [MESSAGE][PASSED] - Delayed 5 second(s)

2018-02-08 11:03:09 - [TEST_STEP][PASSED] - callTestCase: Call Test Case 'Test Cases/Common/UserLogin' successfully

2018-02-08 11:03:09 - [TEST_CASE][PASSED] - Test Cases/Common/UserLogin: Test Cases/Common/UserLogin

2018-02-08 11:03:09 - [TEST_STEP][PASSED] - openBrowser: Browser is opened with url: 'https://keuat.kopasolar.net'

2018-02-08 11:03:09 - [MESSAGE][WARNING] - A browser is already opened. Closing browser and opening a new one

2018-02-08 11:03:31 - [MESSAGE][PASSED] - Browser is opened with url: 'https://keuat.kopasolar.net'

2018-02-08 11:03:31 - [TEST_STEP][PASSED] - maximizeWindow: Current window maximized

2018-02-08 11:03:32 - [MESSAGE][PASSED] - Current window maximized

2018-02-08 11:03:32 - [TEST_STEP][PASSED] - setText: Text 'Kennedy.Mwangi@m-kopa.com' is set on object 'Object Repository/Login/input_Username'

2018-02-08 11:03:32 - [MESSAGE][PASSED] - Text 'Kennedy.Mwangi@m-kopa.com' is set on object 'Object Repository/Login/input_Username'

2018-02-08 11:03:32 - [TEST_STEP][PASSED] - setText: Text 'Ken0726//' is set on object 'Object Repository/Login/input_Password'

2018-02-08 11:03:32 - [MESSAGE][PASSED] - Text 'Ken0726//' is set on object 'Object Repository/Login/input_Password'

2018-02-08 11:03:32 - [TEST_STEP][PASSED] - click: Object: 'Object Repository/Login/button_SignIn' is clicked on

2018-02-08 11:04:08 - [MESSAGE][PASSED] - Object: 'Object Repository/Login/button_SignIn' is clicked on

2018-02-08 11:04:08 - [MESSAGE][PASSED] - Call Test Case 'Test Cases/Common/UserLogin' successfully

2018-02-08 11:04:08 - [TEST_STEP][PASSED] - click: Object: 'Object Repository/Page Header and Menu/FileUploadCenter/Link-FileUploadMenu' is clicked on

2018-02-08 11:04:25 - [MESSAGE][PASSED] - Object: 'Object Repository/Page Header and Menu/FileUploadCenter/Link-FileUploadMenu' is clicked on

2018-02-08 11:04:25 - [TEST_STEP][FAILED] - click: Unable to click on object 'Object Repository/File Upload Center Module/File Upload Center/button_MPESA' (Root cause: com.kms.katalon.core.webui.exception.WebElementNotFoundException: Web element with id: 'Object Repository/File Upload Center Module/File Upload Center/button_MPESA' located by 'By.xpath: //li[contains(.,'Mpesa')]' not found)

2018-02-08 11:04:56 - [MESSAGE][FAILED] - Unable to click on object 'Object Repository/File Upload Center Module/File Upload Center/button_MPESA' (Root cause: com.kms.katalon.core.webui.exception.WebElementNotFoundException: Web element with id: 'Object Repository/File Upload Center Module/File Upload Center/button_MPESA' located by 'By.xpath: //li[contains(.,'Mpesa')]' not found)
[[ATTACHMENT|C:\\Users\\Nyokabi\\git\\MKOPA-RegressionTestingV2\\Reports\\Payments\\Customer Payments\\Customer Payments\\20180208_105822\\1518077096198.png]]

2018-02-08 11:04:56 - [MESSAGE][FAILED] - Unable to call Test Case with id 'Test Cases/Common/steps_Upload Payments File' (Root cause: Call Test Case 'Test Cases/Common/steps_Upload Payments File' failed)]]></system-out>
         <system-err><![CDATA[2018-02-08 11:03:03 - [TEST_CASE][FAILED] - Test Cases/Payments/Credit Purchase Payment Upload/verify_Credit purchase: Test Cases/Payments/Credit Purchase Payment Upload/verify_Credit purchase FAILED because (of) Unable to click on object 'Object Repository/File Upload Center Module/File Upload Center/button_MPESA' (Root cause: com.kms.katalon.core.webui.exception.WebElementNotFoundException: Web element with id: 'Object Repository/File Upload Center Module/File Upload Center/button_MPESA' located by 'By.xpath: //li[contains(.,'Mpesa')]' not found)]]></system-err>
      </testcase>
      <testcase name="Test Cases/Payments/Credit Purchase Payment Upload/verify_credit sent" classname="Test Cases/Payments/Credit Purchase Payment Upload/verify_credit sent" status="FAILED">
         <failure type="FAILED" message="Unable to click on object 'Object Repository/File Upload Center Module/File Upload Center/button_MPESA' (Root cause: com.kms.katalon.core.webui.exception.WebElementNotFoundException: Web element with id: 'Object Repository/File Upload Center Module/File Upload Center/button_MPESA' located by 'By.xpath: //li[contains(.,'Mpesa')]' not found)"/>
         <system-out><![CDATA[2018-02-08 11:04:56 - [TEST_CASE][FAILED] - Test Cases/Payments/Credit Purchase Payment Upload/verify_credit sent: Test Cases/Payments/Credit Purchase Payment Upload/verify_credit sent FAILED because (of) Unable to click on object 'Object Repository/File Upload Center Module/File Upload Center/button_MPESA' (Root cause: com.kms.katalon.core.webui.exception.WebElementNotFoundException: Web element with id: 'Object Repository/File Upload Center Module/File Upload Center/button_MPESA' located by 'By.xpath: //li[contains(.,'Mpesa')]' not found)

2018-02-08 11:04:57 - [TEST_STEP][FAILED] - callTestCase: Unable to call Test Case with id 'Test Cases/Payments/Credit Purchase Payment Upload/verify_Credit purchase' (Root cause: Call Test Case 'Test Cases/Payments/Credit Purchase Payment Upload/verify_Credit purchase' failed)

2018-02-08 11:04:57 - [TEST_CASE][FAILED] - Test Cases/Payments/Credit Purchase Payment Upload/verify_Credit purchase: Test Cases/Payments/Credit Purchase Payment Upload/verify_Credit purchase FAILED because (of) Unable to click on object 'Object Repository/File Upload Center Module/File Upload Center/button_MPESA' (Root cause: com.kms.katalon.core.webui.exception.WebElementNotFoundException: Web element with id: 'Object Repository/File Upload Center Module/File Upload Center/button_MPESA' located by 'By.xpath: //li[contains(.,'Mpesa')]' not found)

2018-02-08 11:04:57 - [TEST_STEP][FAILED] - callTestCase: Unable to call Test Case with id 'Test Cases/Common/steps_Upload Payments File' (Root cause: Call Test Case 'Test Cases/Common/steps_Upload Payments File' failed)

2018-02-08 11:04:57 - [TEST_CASE][FAILED] - Test Cases/Common/steps_Upload Payments File: Test Cases/Common/steps_Upload Payments File FAILED because (of) Unable to click on object 'Object Repository/File Upload Center Module/File Upload Center/button_MPESA' (Root cause: com.kms.katalon.core.webui.exception.WebElementNotFoundException: Web element with id: 'Object Repository/File Upload Center Module/File Upload Center/button_MPESA' located by 'By.xpath: //li[contains(.,'Mpesa')]' not found)

2018-02-08 11:04:57 - [TEST_STEP][PASSED] - Statement - tagged = tagGenerator("QWERTYUIOP1234567890LKJHGFDSAZXCVBNM", 9): null

2018-02-08 11:04:57 - [TEST_STEP][PASSED] - Statement - rand = new java.util.Random(): null

2018-02-08 11:04:57 - [TEST_STEP][PASSED] - Statement - sb = new java.lang.StringBuilder(): null

2018-02-08 11:04:57 - [TEST_STEP][PASSED] - Statement - For ([i = 0, i < length, (i++)]): null

2018-02-08 11:04:57 - [TEST_STEP][PASSED] - Statement - sb.append(chars.charAt(rand.nextInt(chars.length()))): null

2018-02-08 11:04:57 - [TEST_STEP][PASSED] - Statement - sb.append(chars.charAt(rand.nextInt(chars.length()))): null

2018-02-08 11:04:57 - [TEST_STEP][PASSED] - Statement - sb.append(chars.charAt(rand.nextInt(chars.length()))): null

2018-02-08 11:04:57 - [TEST_STEP][PASSED] - Statement - sb.append(chars.charAt(rand.nextInt(chars.length()))): null

2018-02-08 11:04:57 - [TEST_STEP][PASSED] - Statement - sb.append(chars.charAt(rand.nextInt(chars.length()))): null

2018-02-08 11:04:57 - [TEST_STEP][PASSED] - Statement - sb.append(chars.charAt(rand.nextInt(chars.length()))): null

2018-02-08 11:04:57 - [TEST_STEP][PASSED] - Statement - sb.append(chars.charAt(rand.nextInt(chars.length()))): null

2018-02-08 11:04:57 - [TEST_STEP][PASSED] - Statement - sb.append(chars.charAt(rand.nextInt(chars.length()))): null

2018-02-08 11:04:57 - [TEST_STEP][PASSED] - Statement - sb.append(chars.charAt(rand.nextInt(chars.length()))): null

2018-02-08 11:04:57 - [TEST_STEP][PASSED] - Statement - return sb.toString(): null

2018-02-08 11:04:57 - [TEST_STEP][PASSED] - Statement - location = java.lang.System.getenv("USERPROFILE"): null

2018-02-08 11:04:57 - [TEST_STEP][PASSED] - Statement - filePath = location + "/git/MKOPA-REGRESSION-REPOSITORY/Payment Files/payments.csv": null

2018-02-08 11:04:57 - [TEST_STEP][PASSED] - csvCreatorPackage.paymentFileGenerator.paymentFileGenerator: csvCreatorPackage.paymentFileGenerator.paymentFileGenerator is PASSED

2018-02-08 11:04:57 - [MESSAGE][PASSED] - csvCreatorPackage.paymentFileGenerator.paymentFileGenerator is PASSED

2018-02-08 11:04:57 - [TEST_STEP][PASSED] - delay: Delayed 5 second(s)

2018-02-08 11:05:02 - [MESSAGE][PASSED] - Delayed 5 second(s)

2018-02-08 11:05:02 - [TEST_STEP][PASSED] - callTestCase: Call Test Case 'Test Cases/Common/UserLogin' successfully

2018-02-08 11:05:02 - [TEST_CASE][PASSED] - Test Cases/Common/UserLogin: Test Cases/Common/UserLogin

2018-02-08 11:05:02 - [TEST_STEP][PASSED] - openBrowser: Browser is opened with url: 'https://keuat.kopasolar.net'

2018-02-08 11:05:02 - [MESSAGE][WARNING] - A browser is already opened. Closing browser and opening a new one

2018-02-08 11:05:18 - [MESSAGE][PASSED] - Browser is opened with url: 'https://keuat.kopasolar.net'

2018-02-08 11:05:18 - [TEST_STEP][PASSED] - maximizeWindow: Current window maximized

2018-02-08 11:05:19 - [MESSAGE][PASSED] - Current window maximized

2018-02-08 11:05:19 - [TEST_STEP][PASSED] - setText: Text 'Kennedy.Mwangi@m-kopa.com' is set on object 'Object Repository/Login/input_Username'

2018-02-08 11:05:19 - [MESSAGE][PASSED] - Text 'Kennedy.Mwangi@m-kopa.com' is set on object 'Object Repository/Login/input_Username'

2018-02-08 11:05:19 - [TEST_STEP][PASSED] - setText: Text 'Ken0726//' is set on object 'Object Repository/Login/input_Password'

2018-02-08 11:05:19 - [MESSAGE][PASSED] - Text 'Ken0726//' is set on object 'Object Repository/Login/input_Password'

2018-02-08 11:05:19 - [TEST_STEP][PASSED] - click: Object: 'Object Repository/Login/button_SignIn' is clicked on

2018-02-08 11:05:55 - [MESSAGE][PASSED] - Object: 'Object Repository/Login/button_SignIn' is clicked on

2018-02-08 11:05:55 - [MESSAGE][PASSED] - Call Test Case 'Test Cases/Common/UserLogin' successfully

2018-02-08 11:05:55 - [TEST_STEP][PASSED] - click: Object: 'Object Repository/Page Header and Menu/FileUploadCenter/Link-FileUploadMenu' is clicked on

2018-02-08 11:06:20 - [MESSAGE][PASSED] - Object: 'Object Repository/Page Header and Menu/FileUploadCenter/Link-FileUploadMenu' is clicked on

2018-02-08 11:06:20 - [TEST_STEP][FAILED] - click: Unable to click on object 'Object Repository/File Upload Center Module/File Upload Center/button_MPESA' (Root cause: com.kms.katalon.core.webui.exception.WebElementNotFoundException: Web element with id: 'Object Repository/File Upload Center Module/File Upload Center/button_MPESA' located by 'By.xpath: //li[contains(.,'Mpesa')]' not found)

2018-02-08 11:06:51 - [MESSAGE][FAILED] - Unable to click on object 'Object Repository/File Upload Center Module/File Upload Center/button_MPESA' (Root cause: com.kms.katalon.core.webui.exception.WebElementNotFoundException: Web element with id: 'Object Repository/File Upload Center Module/File Upload Center/button_MPESA' located by 'By.xpath: //li[contains(.,'Mpesa')]' not found)
[[ATTACHMENT|C:\\Users\\Nyokabi\\git\\MKOPA-RegressionTestingV2\\Reports\\Payments\\Customer Payments\\Customer Payments\\20180208_105822\\1518077211388.png]]

2018-02-08 11:06:51 - [MESSAGE][FAILED] - Unable to call Test Case with id 'Test Cases/Common/steps_Upload Payments File' (Root cause: Call Test Case 'Test Cases/Common/steps_Upload Payments File' failed)

2018-02-08 11:06:51 - [MESSAGE][FAILED] - Unable to call Test Case with id 'Test Cases/Payments/Credit Purchase Payment Upload/verify_Credit purchase' (Root cause: Call Test Case 'Test Cases/Payments/Credit Purchase Payment Upload/verify_Credit purchase' failed)]]></system-out>
         <system-err><![CDATA[2018-02-08 11:04:56 - [TEST_CASE][FAILED] - Test Cases/Payments/Credit Purchase Payment Upload/verify_credit sent: Test Cases/Payments/Credit Purchase Payment Upload/verify_credit sent FAILED because (of) Unable to click on object 'Object Repository/File Upload Center Module/File Upload Center/button_MPESA' (Root cause: com.kms.katalon.core.webui.exception.WebElementNotFoundException: Web element with id: 'Object Repository/File Upload Center Module/File Upload Center/button_MPESA' located by 'By.xpath: //li[contains(.,'Mpesa')]' not found)]]></system-err>
      </testcase>
      <system-out><![CDATA[2018-02-08 10:58:25 - [TEST_SUITE][FAILED] - Customer Payments: Test Cases/Payments/Customer Payments/verify_Customer Payment FAILED because (of) Unable to click on object 'Object Repository/File Upload Center Module/File Upload Center/button_MPESA' (Root cause: com.kms.katalon.core.webui.exception.WebElementNotFoundException: Web element with id: 'Object Repository/File Upload Center Module/File Upload Center/button_MPESA' located by 'By.xpath: //li[contains(.,'Mpesa')]' not found)]]></system-out>
      <system-err><![CDATA[2018-02-08 10:58:25 - [TEST_SUITE][FAILED] - Customer Payments: Test Cases/Payments/Customer Payments/verify_Customer Payment FAILED because (of) Unable to click on object 'Object Repository/File Upload Center Module/File Upload Center/button_MPESA' (Root cause: com.kms.katalon.core.webui.exception.WebElementNotFoundException: Web element with id: 'Object Repository/File Upload Center Module/File Upload Center/button_MPESA' located by 'By.xpath: //li[contains(.,'Mpesa')]' not found)]]></system-err>
   </testsuite>
</testsuites>
